# JRE version: 7.0_17-b02
# Java VM: Java HotSpot(TM) 64-Bit Server VM (23.7-b01 mixed mode bsd-amd64 compressed oops)
Heap
 def new generation   total 157248K, used 157226K [0x000000010c2e0000, 0x0000000116d80000, 0x0000000116d80000)
  eden space 139776K, 100% used [0x000000010c2e0000, 0x0000000114b60000, 0x0000000114b60000)
  from space 17472K,  99% used [0x0000000114b60000, 0x0000000115c6aa20, 0x0000000115c70000)
  to   space 17472K,   0% used [0x0000000115c70000, 0x0000000115c70000, 0x0000000116d80000)
 tenured generation   total 349568K, used 349567K [0x0000000116d80000, 0x000000012c2e0000, 0x000000012c2e0000)
   the space 349568K,  99% used [0x0000000116d80000, 0x000000012c2dffe8, 0x000000012c2e0000, 0x000000012c2e0000)
 compacting perm gen  total 36288K, used 36127K [0x000000012c2e0000, 0x000000012e650000, 0x00000001314e0000)
   the space 36288K,  99% used [0x000000012c2e0000, 0x000000012e627f50, 0x000000012e628000, 0x000000012e650000)
GC Heap History (10 events):
Event: 162.834 GC heap after
Heap after GC invocations=344 (full 64):
 def new generation   total 157248K, used 108456K [0x000000010c2e0000, 0x0000000116d80000, 0x0000000116d80000)
  eden space 139776K,  77% used [0x000000010c2e0000, 0x0000000112cca3a0, 0x0000000114b60000)
  from space 17472K,   0% used [0x0000000114b60000, 0x0000000114b60000, 0x0000000115c70000)
  to   space 17472K,   0% used [0x0000000115c70000, 0x0000000115c70000, 0x0000000116d80000)
 tenured generation   total 349568K, used 349567K [0x0000000116d80000, 0x000000012c2e0000, 0x000000012c2e0000)
   the space 349568K,  99% used [0x0000000116d80000, 0x000000012c2dfff0, 0x000000012c2e0000, 0x000000012c2e0000)
 compacting perm gen  total 36288K, used 36127K [0x000000012c2e0000, 0x000000012e650000, 0x00000001314e0000)
   the space 36288K,  99% used [0x000000012c2e0000, 0x000000012e627f50, 0x000000012e628000, 0x000000012e650000)
No shared spaces configured.
}
Event: 162.909 GC heap before
{Heap before GC invocations=344 (full 64):
 def new generation   total 157248K, used 157193K [0x000000010c2e0000, 0x0000000116d80000, 0x0000000116d80000)
  eden space 139776K, 100% used [0x000000010c2e0000, 0x0000000114b60000, 0x0000000114b60000)
  from space 17472K,  99% used [0x0000000114b60000, 0x0000000115c62558, 0x0000000115c70000)
  to   space 17472K,   0% used [0x0000000115c70000, 0x0000000115c70000, 0x0000000116d80000)
 tenured generation   total 349568K, used 349567K [0x0000000116d80000, 0x000000012c2e0000, 0x000000012c2e0000)
   the space 349568K,  99% used [0x0000000116d80000, 0x000000012c2dfff0, 0x000000012c2e0000, 0x000000012c2e0000)
 compacting perm gen  total 36288K, used 36127K [0x000000012c2e0000, 0x000000012e650000, 0x00000001314e0000)
   the space 36288K,  99% used [0x000000012c2e0000, 0x000000012e627f50, 0x000000012e628000, 0x000000012e650000)
No shared spaces configured.
Event: 163.819 GC heap after
Heap after GC invocations=345 (full 65):
 def new generation   total 157248K, used 109326K [0x000000010c2e0000, 0x0000000116d80000, 0x0000000116d80000)
  eden space 139776K,  78% used [0x000000010c2e0000, 0x0000000112da38f0, 0x0000000114b60000)
  from space 17472K,   0% used [0x0000000114b60000, 0x0000000114b60000, 0x0000000115c70000)
  to   space 17472K,   0% used [0x0000000115c70000, 0x0000000115c70000, 0x0000000116d80000)
 tenured generation   total 349568K, used 349567K [0x0000000116d80000, 0x000000012c2e0000, 0x000000012c2e0000)
   the space 349568K,  99% used [0x0000000116d80000, 0x000000012c2dfff0, 0x000000012c2e0000, 0x000000012c2e0000)
 compacting perm gen  total 36288K, used 36127K [0x000000012c2e0000, 0x000000012e650000, 0x00000001314e0000)
   the space 36288K,  99% used [0x000000012c2e0000, 0x000000012e627f50, 0x000000012e628000, 0x000000012e650000)
No shared spaces configured.
}
Event: 163.925 GC heap before
{Heap before GC invocations=345 (full 65):
 def new generation   total 157248K, used 157109K [0x000000010c2e0000, 0x0000000116d80000, 0x0000000116d80000)
  eden space 139776K, 100% used [0x000000010c2e0000, 0x0000000114b60000, 0x0000000114b60000)
  from space 17472K,  99% used [0x0000000114b60000, 0x0000000115c4d518, 0x0000000115c70000)
  to   space 17472K,   0% used [0x0000000115c70000, 0x0000000115c70000, 0x0000000116d80000)
 tenured generation   total 349568K, used 349567K [0x0000000116d80000, 0x000000012c2e0000, 0x000000012c2e0000)
   the space 349568K,  99% used [0x0000000116d80000, 0x000000012c2dfff0, 0x000000012c2e0000, 0x000000012c2e0000)
 compacting perm gen  total 36288K, used 36127K [0x000000012c2e0000, 0x000000012e650000, 0x00000001314e0000)
   the space 36288K,  99% used [0x000000012c2e0000, 0x000000012e627f50, 0x000000012e628000, 0x000000012e650000)
No shared spaces configured.
Event: 164.993 GC heap after
Heap after GC invocations=346 (full 66):
 def new generation   total 157248K, used 111089K [0x000000010c2e0000, 0x0000000116d80000, 0x0000000116d80000)
  eden space 139776K,  79% used [0x000000010c2e0000, 0x0000000112f5c5b8, 0x0000000114b60000)
  from space 17472K,   0% used [0x0000000114b60000, 0x0000000114b60000, 0x0000000115c70000)
  to   space 17472K,   0% used [0x0000000115c70000, 0x0000000115c70000, 0x0000000116d80000)
 tenured generation   total 349568K, used 349567K [0x0000000116d80000, 0x000000012c2e0000, 0x000000012c2e0000)
   the space 349568K,  99% used [0x0000000116d80000, 0x000000012c2dfff0, 0x000000012c2e0000, 0x000000012c2e0000)
 compacting perm gen  total 36288K, used 36127K [0x000000012c2e0000, 0x000000012e650000, 0x00000001314e0000)
   the space 36288K,  99% used [0x000000012c2e0000, 0x000000012e627f50, 0x000000012e628000, 0x000000012e650000)
No shared spaces configured.
}
Event: 165.116 GC heap before
{Heap before GC invocations=346 (full 66):
 def new generation   total 157248K, used 157195K [0x000000010c2e0000, 0x0000000116d80000, 0x0000000116d80000)
  eden space 139776K, 100% used [0x000000010c2e0000, 0x0000000114b60000, 0x0000000114b60000)
  from space 17472K,  99% used [0x0000000114b60000, 0x0000000115c62da0, 0x0000000115c70000)
  to   space 17472K,   0% used [0x0000000115c70000, 0x0000000115c70000, 0x0000000116d80000)
 tenured generation   total 349568K, used 349567K [0x0000000116d80000, 0x000000012c2e0000, 0x000000012c2e0000)
   the space 349568K,  99% used [0x0000000116d80000, 0x000000012c2dfff0, 0x000000012c2e0000, 0x000000012c2e0000)
 compacting perm gen  total 36288K, used 36127K [0x000000012c2e0000, 0x000000012e650000, 0x00000001314e0000)
   the space 36288K,  99% used [0x000000012c2e0000, 0x000000012e627f50, 0x000000012e628000, 0x000000012e650000)
No shared spaces configured.
Event: 166.315 GC heap after
Heap after GC invocations=347 (full 67):
 def new generation   total 157248K, used 113023K [0x000000010c2e0000, 0x0000000116d80000, 0x0000000116d80000)
  eden space 139776K,  80% used [0x000000010c2e0000, 0x000000011313fdd0, 0x0000000114b60000)
  from space 17472K,   0% used [0x0000000114b60000, 0x0000000114b60000, 0x0000000115c70000)
  to   space 17472K,   0% used [0x0000000115c70000, 0x0000000115c70000, 0x0000000116d80000)
 tenured generation   total 349568K, used 349567K [0x0000000116d80000, 0x000000012c2e0000, 0x000000012c2e0000)
   the space 349568K,  99% used [0x0000000116d80000, 0x000000012c2dfff0, 0x000000012c2e0000, 0x000000012c2e0000)
 compacting perm gen  total 36288K, used 36127K [0x000000012c2e0000, 0x000000012e650000, 0x00000001314e0000)
   the space 36288K,  99% used [0x000000012c2e0000, 0x000000012e627f50, 0x000000012e628000, 0x000000012e650000)
No shared spaces configured.
}
Event: 166.452 GC heap before
{Heap before GC invocations=347 (full 67):
 def new generation   total 157248K, used 157106K [0x000000010c2e0000, 0x0000000116d80000, 0x0000000116d80000)
  eden space 139776K, 100% used [0x000000010c2e0000, 0x0000000114b60000, 0x0000000114b60000)
  from space 17472K,  99% used [0x0000000114b60000, 0x0000000115c4cbf8, 0x0000000115c70000)
  to   space 17472K,   0% used [0x0000000115c70000, 0x0000000115c70000, 0x0000000116d80000)
 tenured generation   total 349568K, used 349567K [0x0000000116d80000, 0x000000012c2e0000, 0x000000012c2e0000)
   the space 349568K,  99% used [0x0000000116d80000, 0x000000012c2dfff0, 0x000000012c2e0000, 0x000000012c2e0000)
 compacting perm gen  total 36288K, used 36127K [0x000000012c2e0000, 0x000000012e650000, 0x00000001314e0000)
   the space 36288K,  99% used [0x000000012c2e0000, 0x000000012e627f50, 0x000000012e628000, 0x000000012e650000)
No shared spaces configured.
Event: 167.840 GC heap after
Heap after GC invocations=348 (full 68):
 def new generation   total 157248K, used 114777K [0x000000010c2e0000, 0x0000000116d80000, 0x0000000116d80000)
  eden space 139776K,  82% used [0x000000010c2e0000, 0x00000001132f6738, 0x0000000114b60000)
  from space 17472K,   0% used [0x0000000114b60000, 0x0000000114b60000, 0x0000000115c70000)
  to   space 17472K,   0% used [0x0000000115c70000, 0x0000000115c70000, 0x0000000116d80000)
 tenured generation   total 349568K, used 349567K [0x0000000116d80000, 0x000000012c2e0000, 0x000000012c2e0000)
   the space 349568K,  99% used [0x0000000116d80000, 0x000000012c2dffe8, 0x000000012c2e0000, 0x000000012c2e0000)
 compacting perm gen  total 36288K, used 36127K [0x000000012c2e0000, 0x000000012e650000, 0x00000001314e0000)
   the space 36288K,  99% used [0x000000012c2e0000, 0x000000012e627f50, 0x000000012e628000, 0x000000012e650000)
No shared spaces configured.
}
Event: 167.941 GC heap before
{Heap before GC invocations=348 (full 68):
 def new generation   total 157248K, used 157226K [0x000000010c2e0000, 0x0000000116d80000, 0x0000000116d80000)
  eden space 139776K, 100% used [0x000000010c2e0000, 0x0000000114b60000, 0x0000000114b60000)
  from space 17472K,  99% used [0x0000000114b60000, 0x0000000115c6aa20, 0x0000000115c70000)
  to   space 17472K,   0% used [0x0000000115c70000, 0x0000000115c70000, 0x0000000116d80000)
 tenured generation   total 349568K, used 349567K [0x0000000116d80000, 0x000000012c2e0000, 0x000000012c2e0000)
   the space 349568K,  99% used [0x0000000116d80000, 0x000000012c2dffe8, 0x000000012c2e0000, 0x000000012c2e0000)
 compacting perm gen  total 36288K, used 36127K [0x000000012c2e0000, 0x000000012e650000, 0x00000001314e0000)
   the space 36288K,  99% used [0x000000012c2e0000, 0x000000012e627f50, 0x000000012e628000, 0x000000012e650000)
No shared spaces configured.

